<?xml version="1.0" encoding="UTF-8"?>
<testng-results skipped="0" failed="0" ignored="0" total="1" passed="1">
  <reporter-output>
  </reporter-output>
  <suite name="Default suite" duration-ms="12415" started-at="2020-02-27T17:05:28Z" finished-at="2020-02-27T17:05:41Z">
    <groups>
    </groups>
    <test name="Default test" duration-ms="12415" started-at="2020-02-27T17:05:28Z" finished-at="2020-02-27T17:05:41Z">
      <class name="test.TestNG3">
        <test-method status="PASS" signature="startBrowser()[pri:0, instance:test.TestNG3@1794d431]" name="startBrowser" is-config="true" duration-ms="8391" started-at="2020-02-27T11:05:28Z" finished-at="2020-02-27T11:05:37Z">
          <reporter-output>
          </reporter-output>
        </test-method> <!-- startBrowser -->
        <test-method status="PASS" signature="allMonthAreAbleToSee()[pri:0, instance:test.TestNG3@1794d431]" name="allMonthAreAbleToSee" duration-ms="3946" started-at="2020-02-27T11:05:37Z" finished-at="2020-02-27T11:05:41Z">
          <reporter-output>
          </reporter-output>
        </test-method> <!-- allMonthAreAbleToSee -->
      </class> <!-- test.TestNG3 -->
    </test> <!-- Default test -->
  </suite> <!-- Default suite -->
</testng-results>
